[2024-10-10 00:20:17,778][INFO ][47179:140704449406912][db_mgr.py:9][__init__]: -> create_tables
[2024-10-10 00:20:17,829][INFO ][47179:140704449406912][db_mgr.py:9][__init__]: <- create_tables
[2024-10-10 00:20:17,888][INFO ][47179:140704449406912][skeleton.py:24][__init__]: -> set_history_table
[2024-10-10 00:20:17,894][INFO ][47179:140704449406912][skeleton.py:24][__init__]: <- set_history_table
[2024-10-10 00:20:17,897][INFO ][47179:140704449406912][main_page_controller.py:15][__init__]: Current date: 2024-10-10
[2024-10-10 00:20:17,897][INFO ][47179:140704449406912][main_page_controller.py:17][__init__]: -> fetch_all_records
[2024-10-10 00:20:17,900][INFO ][47179:140704449406912][db_mgr.py:59][fetch_all_records]: Query: SELECT name, category, quantity_per_unit, unit, amount, price, first_add_time FROM inventory
[2024-10-10 00:20:17,900][INFO ][47179:140704449406912][db_mgr.py:62][fetch_all_records]: Find record: [('大包子', '成品', 1.0, '个', 18.0, 2.5, '2024-10-03 01:06:10'), ('大包子', '成品', 1.0, '个', 13.0, 2.5, '2024-10-03 01:06:11'), ('大包子', '成品', 1.0, '个', -10.0, 2.5, '2024-10-03 01:06:14'), ('大包子', '成品', 1.0, '个', -17.0, 2.5, '2024-10-03 01:50:13'), ('大包子', '成品', 1.0, '个', 17.0, 2.5, '2024-10-03 01:50:19'), ('扫把', '商品', 1.0, '个', 1.0, 95.0, '2024-10-03 01:50:43'), ('矿泉水', '商品', 500.0, 'ml', 12.0, 5.0, '2024-10-03 01:51:31'), ('扫把', '商品', 1.0, '个', -1.0, 95.0, '2024-10-03 01:51:41'), ('扫把', '商品', 1.0, '个', -1.0, 95.0, '2024-10-03 01:52:38'), ('扫把', '商品', 1.0, '个', 1.0, 95.0, '2024-10-03 01:52:45'), ('矿泉水', '商品', 500.0, 'ml', -12.0, 5.0, '2024-10-03 01:52:49'), ('矿泉水', '商品', 500.0, 'ml', 12.0, 5.0, '2024-10-03 01:52:54'), ('矿泉水', '商品', 500.0, 'ml', -12.0, 5.0, '2024-10-03 01:52:59'), ('大包子', '成品', 1.0, '个', 10.0, 2.5, '2024-10-03 01:53:04'), ('大包子', '成品', 1.0, '个', -10.0, 2.5, '2024-10-03 01:53:07'), ('矿泉水', '商品', 3.0, 'l', 12.0, 5.0, '2024-10-03 01:53:38'), ('矿泉水', '商品', 3.0, 'l', -12.0, 5.0, '2024-10-03 01:53:50'), ('矿泉水', '商品', 3.0, 'l', -12.0, 5.0, '2024-10-03 01:53:52'), ('矿泉水', '商品', 3.0, 'l', -12.0, 5.0, '2024-10-03 01:53:55'), ('矿泉水', '商品', 3.0, 'l', 12.0, 5.0, '2024-10-03 01:54:00'), ('大包子', '成品', 1.0, '个', 17.0, 2.5, '2024-10-03 21:25:24'), ('大包子', '成品', 1.0, '个', -17.0, 2.5, '2024-10-03 21:25:28'), ('大包子', '成品', 1.0, '个', -18.0, 2.5, '2024-10-03 22:29:17'), ('大包子', '成品', 1.0, '个', 18.0, 2.5, '2024-10-03 22:29:19'), ('大包子', '成品', 1.0, '个', -13.0, 2.5, '2024-10-03 22:47:12'), ('大包子', '成品', 1.0, '个', 13.0, 2.5, '2024-10-03 22:47:15'), ('大包子', '成品', 1.0, '个', 180.0, 2.5, '2024-10-09 23:27:00'), ('大包子', '成品', 1.0, '个', -18.0, 2.5, '2024-10-09 23:27:03'), ('大包子', '成品', 1.0, '个', -18.0, 2.5, '2024-10-09 23:27:05'), ('大包子', '成品', 1.0, '个', 180.0, 2.5, '2024-10-10 00:16:48'), ('大包子', '成品', 1.0, '个', -180.0, 2.5, '2024-10-10 00:16:50')]
[2024-10-10 00:20:17,900][INFO ][47179:140704449406912][main_page_controller.py:17][__init__]: <- fetch_all_records
[2024-10-10 00:20:17,902][INFO ][47179:140704449406912][main_page_controller.py:17][__init__]: -> update_statistics
[2024-10-10 00:20:17,904][INFO ][47179:140704449406912][day_stats_mgr.py:64][update_statistics]: Selected date 2024-10-10, filtering 31 records in [2024-10-10 00:00:00, 2024-10-11 00:00:00]
[2024-10-10 00:20:17,914][INFO ][47179:140704449406912][day_stats_mgr.py:66][update_statistics]: 2 records after filtering: 
[('大包子', '成品', 1.0, '个', 180.0, 2.5, '2024-10-10 00:16:48'), ('大包子', '成品', 1.0, '个', -180.0, 2.5, '2024-10-10 00:16:50')]
[2024-10-10 00:20:17,914][INFO ][47179:140704449406912][day_stats_mgr.py:69][update_statistics]: -> update_cur_prod_stats
[2024-10-10 00:20:17,918][INFO ][47179:140704449406912][day_stats_mgr.py:15][update_cur_prod_stats]: Got records size = 2
[2024-10-10 00:20:17,918][INFO ][47179:140704449406912][day_stats_mgr.py:22][update_cur_prod_stats]: Record: ('大包子', '成品', 1.0, '个', 180.0, 2.5, '2024-10-10 00:16:48')
[2024-10-10 00:20:17,918][INFO ][47179:140704449406912][day_stats_mgr.py:36][update_cur_prod_stats]: Add 180.0 to current input amount 0 of product 大包子
[2024-10-10 00:20:17,918][INFO ][47179:140704449406912][day_stats_mgr.py:22][update_cur_prod_stats]: Record: ('大包子', '成品', 1.0, '个', -180.0, 2.5, '2024-10-10 00:16:50')
[2024-10-10 00:20:17,918][INFO ][47179:140704449406912][day_stats_mgr.py:39][update_cur_prod_stats]: Add 180.0 to current output amount 0 of product 大包子
[2024-10-10 00:20:17,918][INFO ][47179:140704449406912][day_stats_mgr.py:48][update_cur_prod_stats]: Display history stats: 
该日成品统计:
大包子 - Input: 180.0 个, Output: 180.0 个

[2024-10-10 00:20:17,918][INFO ][47179:140704449406912][day_stats_mgr.py:69][update_statistics]: <- update_cur_prod_stats
[2024-10-10 00:20:17,920][INFO ][47179:140704449406912][day_stats_mgr.py:70][update_statistics]: -> update_history_table
[2024-10-10 00:20:17,922][INFO ][47179:140704449406912][day_stats_mgr.py:52][update_history_table]: Got records size = 2
[2024-10-10 00:20:17,923][INFO ][47179:140704449406912][day_stats_mgr.py:58][update_history_table]: Insert record ('大包子', '成品', 1.0, '个', 180.0, 2.5, '2024-10-10 00:16:48') to history table at 0
[2024-10-10 00:20:17,923][INFO ][47179:140704449406912][day_stats_mgr.py:58][update_history_table]: Insert record ('大包子', '成品', 1.0, '个', -180.0, 2.5, '2024-10-10 00:16:50') to history table at 1
[2024-10-10 00:20:17,923][INFO ][47179:140704449406912][day_stats_mgr.py:70][update_statistics]: <- update_history_table
[2024-10-10 00:20:17,925][INFO ][47179:140704449406912][main_page_controller.py:17][__init__]: <- update_statistics
[2024-10-10 00:20:17,930][INFO ][47179:140704449406912][skeleton.py:44][__init__]: -> add_button
[2024-10-10 00:20:17,932][INFO ][47179:140704449406912][skeleton.py:44][__init__]: <- add_button
[2024-10-10 00:20:17,933][INFO ][47179:140704449406912][skeleton.py:45][__init__]: -> add_button
[2024-10-10 00:20:17,935][INFO ][47179:140704449406912][skeleton.py:45][__init__]: <- add_button
[2024-10-10 00:20:17,937][INFO ][47179:140704449406912][skeleton.py:46][__init__]: -> add_button
[2024-10-10 00:20:17,938][INFO ][47179:140704449406912][skeleton.py:46][__init__]: <- add_button
[2024-10-10 00:20:17,940][INFO ][47179:140704449406912][skeleton.py:47][__init__]: -> add_button
[2024-10-10 00:20:17,942][INFO ][47179:140704449406912][skeleton.py:47][__init__]: <- add_button
[2024-10-10 00:20:17,943][INFO ][47179:140704449406912][skeleton.py:48][__init__]: -> add_button
[2024-10-10 00:20:17,944][INFO ][47179:140704449406912][skeleton.py:48][__init__]: <- add_button
[2024-10-10 00:20:17,946][INFO ][47179:140704449406912][skeleton.py:49][__init__]: -> add_button
[2024-10-10 00:20:17,947][INFO ][47179:140704449406912][skeleton.py:49][__init__]: <- add_button
[2024-10-10 00:20:17,949][INFO ][47179:140704449406912][skeleton.py:50][__init__]: -> add_button
[2024-10-10 00:20:17,951][INFO ][47179:140704449406912][skeleton.py:50][__init__]: <- add_button
[2024-10-10 00:20:17,952][INFO ][47179:140704449406912][main_page.py:23][__init__]: -> init_layout
[2024-10-10 00:20:17,955][INFO ][47179:140704449406912][main_page.py:31][init_layout]: -> create_entry_layout
[2024-10-10 00:20:17,958][INFO ][47179:140704449406912][main_page.py:44][create_entry_layout]: <-
[2024-10-10 00:20:17,958][INFO ][47179:140704449406912][main_page.py:31][init_layout]: <- create_entry_layout
[2024-10-10 00:20:17,960][INFO ][47179:140704449406912][main_page.py:32][init_layout]: -> create_button_layout
[2024-10-10 00:20:17,964][INFO ][47179:140704449406912][main_page.py:54][create_button_layout]: <-
[2024-10-10 00:20:17,964][INFO ][47179:140704449406912][main_page.py:32][init_layout]: <- create_button_layout
[2024-10-10 00:20:17,966][INFO ][47179:140704449406912][main_page.py:23][__init__]: <- init_layout
[2024-10-10 00:20:18,073][INFO ][47179:140704449406912][stat_page.py:14][__init__]: -> init_ui
[2024-10-10 00:20:18,083][INFO ][47179:140704449406912][stat_page.py:14][__init__]: <- init_ui
[2024-10-10 00:20:20,666][INFO ][47179:140704449406912][main.py:8][<module>]: -> populate_fields
[2024-10-10 00:20:20,668][INFO ][47179:140704449406912][main.py:8][<module>]: <- populate_fields
[2024-10-10 00:20:22,533][INFO ][47179:140704449406912][main.py:8][<module>]: -> add_record
[2024-10-10 00:20:22,534][INFO ][47179:140704449406912][main_page_controller.py:21][add_record]: User operation
[2024-10-10 00:20:22,534][INFO ][47179:140704449406912][main_page_controller.py:22][add_record]: -> get_string_of_inputs
[2024-10-10 00:20:22,536][INFO ][47179:140704449406912][skeleton.py:110][get_string_of_inputs]: -> validate_inputs
[2024-10-10 00:20:22,538][INFO ][47179:140704449406912][skeleton.py:110][get_string_of_inputs]: <- validate_inputs
[2024-10-10 00:20:22,540][INFO ][47179:140704449406912][skeleton.py:122][get_string_of_inputs]: <-
[2024-10-10 00:20:22,540][INFO ][47179:140704449406912][main_page_controller.py:22][add_record]: <- get_string_of_inputs
[2024-10-10 00:20:22,542][INFO ][47179:140704449406912][main_page_controller.py:28][add_record]: User input received: ['大包子', '成品', 1.0, '个', 180.0, 2.5, '2024-10-10 00:20:22']
[2024-10-10 00:20:22,542][INFO ][47179:140704449406912][main_page_controller.py:31][add_record]: -> add_record
[2024-10-10 00:20:22,543][INFO ][47179:140704449406912][db_mgr.py:33][add_record]: Query: 
                    INSERT INTO inventory (name, category, quantity_per_unit, unit, amount, price, first_add_time)
                    VALUES (?, ?, ?, ?, ?, ?, ?)
                    
[2024-10-10 00:20:22,545][INFO ][47179:140704449406912][db_mgr.py:36][add_record]: New record input updated to DB
[2024-10-10 00:20:22,545][INFO ][47179:140704449406912][main_page_controller.py:31][add_record]: <- add_record
[2024-10-10 00:20:22,547][INFO ][47179:140704449406912][main_page_controller.py:32][add_record]: AddRecord added to DB
[2024-10-10 00:20:22,547][INFO ][47179:140704449406912][main_page_controller.py:33][add_record]: -> show_message
[2024-10-10 00:20:22,549][INFO ][47179:140704449406912][skeleton.py:77][show_message]: Show message 成功:物品已成功添加!
[2024-10-10 00:20:23,482][INFO ][47179:140704449406912][main_page_controller.py:33][add_record]: <- show_message
[2024-10-10 00:20:23,486][INFO ][47179:140704449406912][main_page_controller.py:34][add_record]: -> fetch_all_records
[2024-10-10 00:20:23,488][INFO ][47179:140704449406912][db_mgr.py:59][fetch_all_records]: Query: SELECT name, category, quantity_per_unit, unit, amount, price, first_add_time FROM inventory
[2024-10-10 00:20:23,488][INFO ][47179:140704449406912][db_mgr.py:62][fetch_all_records]: Find record: [('大包子', '成品', 1.0, '个', 18.0, 2.5, '2024-10-03 01:06:10'), ('大包子', '成品', 1.0, '个', 13.0, 2.5, '2024-10-03 01:06:11'), ('大包子', '成品', 1.0, '个', -10.0, 2.5, '2024-10-03 01:06:14'), ('大包子', '成品', 1.0, '个', -17.0, 2.5, '2024-10-03 01:50:13'), ('大包子', '成品', 1.0, '个', 17.0, 2.5, '2024-10-03 01:50:19'), ('扫把', '商品', 1.0, '个', 1.0, 95.0, '2024-10-03 01:50:43'), ('矿泉水', '商品', 500.0, 'ml', 12.0, 5.0, '2024-10-03 01:51:31'), ('扫把', '商品', 1.0, '个', -1.0, 95.0, '2024-10-03 01:51:41'), ('扫把', '商品', 1.0, '个', -1.0, 95.0, '2024-10-03 01:52:38'), ('扫把', '商品', 1.0, '个', 1.0, 95.0, '2024-10-03 01:52:45'), ('矿泉水', '商品', 500.0, 'ml', -12.0, 5.0, '2024-10-03 01:52:49'), ('矿泉水', '商品', 500.0, 'ml', 12.0, 5.0, '2024-10-03 01:52:54'), ('矿泉水', '商品', 500.0, 'ml', -12.0, 5.0, '2024-10-03 01:52:59'), ('大包子', '成品', 1.0, '个', 10.0, 2.5, '2024-10-03 01:53:04'), ('大包子', '成品', 1.0, '个', -10.0, 2.5, '2024-10-03 01:53:07'), ('矿泉水', '商品', 3.0, 'l', 12.0, 5.0, '2024-10-03 01:53:38'), ('矿泉水', '商品', 3.0, 'l', -12.0, 5.0, '2024-10-03 01:53:50'), ('矿泉水', '商品', 3.0, 'l', -12.0, 5.0, '2024-10-03 01:53:52'), ('矿泉水', '商品', 3.0, 'l', -12.0, 5.0, '2024-10-03 01:53:55'), ('矿泉水', '商品', 3.0, 'l', 12.0, 5.0, '2024-10-03 01:54:00'), ('大包子', '成品', 1.0, '个', 17.0, 2.5, '2024-10-03 21:25:24'), ('大包子', '成品', 1.0, '个', -17.0, 2.5, '2024-10-03 21:25:28'), ('大包子', '成品', 1.0, '个', -18.0, 2.5, '2024-10-03 22:29:17'), ('大包子', '成品', 1.0, '个', 18.0, 2.5, '2024-10-03 22:29:19'), ('大包子', '成品', 1.0, '个', -13.0, 2.5, '2024-10-03 22:47:12'), ('大包子', '成品', 1.0, '个', 13.0, 2.5, '2024-10-03 22:47:15'), ('大包子', '成品', 1.0, '个', 180.0, 2.5, '2024-10-09 23:27:00'), ('大包子', '成品', 1.0, '个', -18.0, 2.5, '2024-10-09 23:27:03'), ('大包子', '成品', 1.0, '个', -18.0, 2.5, '2024-10-09 23:27:05'), ('大包子', '成品', 1.0, '个', 180.0, 2.5, '2024-10-10 00:16:48'), ('大包子', '成品', 1.0, '个', -180.0, 2.5, '2024-10-10 00:16:50'), ('大包子', '成品', 1.0, '个', 180.0, 2.5, '2024-10-10 00:20:22')]
[2024-10-10 00:20:23,488][INFO ][47179:140704449406912][main_page_controller.py:34][add_record]: <- fetch_all_records
[2024-10-10 00:20:23,490][INFO ][47179:140704449406912][main_page_controller.py:34][add_record]: -> update_statistics
[2024-10-10 00:20:23,492][INFO ][47179:140704449406912][day_stats_mgr.py:64][update_statistics]: Selected date 2024-10-10, filtering 32 records in [2024-10-10 00:00:00, 2024-10-11 00:00:00]
[2024-10-10 00:20:23,493][INFO ][47179:140704449406912][day_stats_mgr.py:66][update_statistics]: 3 records after filtering: 
[('大包子', '成品', 1.0, '个', 180.0, 2.5, '2024-10-10 00:16:48'), ('大包子', '成品', 1.0, '个', -180.0, 2.5, '2024-10-10 00:16:50'), ('大包子', '成品', 1.0, '个', 180.0, 2.5, '2024-10-10 00:20:22')]
[2024-10-10 00:20:23,493][INFO ][47179:140704449406912][day_stats_mgr.py:68][update_statistics]: -> populate_fields
[2024-10-10 00:20:23,496][INFO ][47179:140704449406912][skeleton.py:129][populate_fields]: <-
[2024-10-10 00:20:23,496][INFO ][47179:140704449406912][day_stats_mgr.py:68][update_statistics]: <- populate_fields
[2024-10-10 00:20:23,498][INFO ][47179:140704449406912][day_stats_mgr.py:69][update_statistics]: -> update_cur_prod_stats
[2024-10-10 00:20:23,502][INFO ][47179:140704449406912][day_stats_mgr.py:15][update_cur_prod_stats]: Got records size = 3
[2024-10-10 00:20:23,502][INFO ][47179:140704449406912][day_stats_mgr.py:22][update_cur_prod_stats]: Record: ('大包子', '成品', 1.0, '个', 180.0, 2.5, '2024-10-10 00:16:48')
[2024-10-10 00:20:23,502][INFO ][47179:140704449406912][day_stats_mgr.py:36][update_cur_prod_stats]: Add 180.0 to current input amount 0 of product 大包子
[2024-10-10 00:20:23,502][INFO ][47179:140704449406912][day_stats_mgr.py:22][update_cur_prod_stats]: Record: ('大包子', '成品', 1.0, '个', -180.0, 2.5, '2024-10-10 00:16:50')
[2024-10-10 00:20:23,502][INFO ][47179:140704449406912][day_stats_mgr.py:39][update_cur_prod_stats]: Add 180.0 to current output amount 0 of product 大包子
[2024-10-10 00:20:23,502][INFO ][47179:140704449406912][day_stats_mgr.py:22][update_cur_prod_stats]: Record: ('大包子', '成品', 1.0, '个', 180.0, 2.5, '2024-10-10 00:20:22')
[2024-10-10 00:20:23,502][INFO ][47179:140704449406912][day_stats_mgr.py:36][update_cur_prod_stats]: Add 180.0 to current input amount 180.0 of product 大包子
[2024-10-10 00:20:23,503][INFO ][47179:140704449406912][day_stats_mgr.py:48][update_cur_prod_stats]: Display history stats: 
该日成品统计:
大包子 - Input: 360.0 个, Output: 180.0 个

[2024-10-10 00:20:23,503][INFO ][47179:140704449406912][day_stats_mgr.py:69][update_statistics]: <- update_cur_prod_stats
[2024-10-10 00:20:23,507][INFO ][47179:140704449406912][day_stats_mgr.py:70][update_statistics]: -> update_history_table
[2024-10-10 00:20:23,510][INFO ][47179:140704449406912][day_stats_mgr.py:52][update_history_table]: Got records size = 3
[2024-10-10 00:20:23,511][INFO ][47179:140704449406912][day_stats_mgr.py:58][update_history_table]: Insert record ('大包子', '成品', 1.0, '个', 180.0, 2.5, '2024-10-10 00:16:48') to history table at 0
[2024-10-10 00:20:23,511][INFO ][47179:140704449406912][day_stats_mgr.py:58][update_history_table]: Insert record ('大包子', '成品', 1.0, '个', -180.0, 2.5, '2024-10-10 00:16:50') to history table at 1
[2024-10-10 00:20:23,511][INFO ][47179:140704449406912][day_stats_mgr.py:58][update_history_table]: Insert record ('大包子', '成品', 1.0, '个', 180.0, 2.5, '2024-10-10 00:20:22') to history table at 2
[2024-10-10 00:20:23,511][INFO ][47179:140704449406912][day_stats_mgr.py:70][update_statistics]: <- update_history_table
[2024-10-10 00:20:23,514][INFO ][47179:140704449406912][main_page_controller.py:34][add_record]: <- update_statistics
[2024-10-10 00:20:23,517][INFO ][47179:140704449406912][main.py:8][<module>]: <- add_record
[2024-10-10 00:20:24,995][INFO ][47179:140704449406912][main.py:8][<module>]: -> remove_record
[2024-10-10 00:20:24,997][INFO ][47179:140704449406912][main_page_controller.py:41][remove_record]: User operation
[2024-10-10 00:20:24,997][INFO ][47179:140704449406912][main_page_controller.py:42][remove_record]: -> get_string_of_inputs
[2024-10-10 00:20:24,999][INFO ][47179:140704449406912][skeleton.py:110][get_string_of_inputs]: -> validate_inputs
[2024-10-10 00:20:25,002][INFO ][47179:140704449406912][skeleton.py:110][get_string_of_inputs]: <- validate_inputs
[2024-10-10 00:20:25,005][INFO ][47179:140704449406912][skeleton.py:122][get_string_of_inputs]: <-
[2024-10-10 00:20:25,005][INFO ][47179:140704449406912][main_page_controller.py:42][remove_record]: <- get_string_of_inputs
[2024-10-10 00:20:25,008][INFO ][47179:140704449406912][main_page_controller.py:49][remove_record]: New record received: ['大包子', '成品', 1.0, '个', -180.0, 2.5, '2024-10-10 00:20:25']
[2024-10-10 00:20:25,008][INFO ][47179:140704449406912][main_page_controller.py:52][remove_record]: -> add_record
[2024-10-10 00:20:25,010][INFO ][47179:140704449406912][db_mgr.py:33][add_record]: Query: 
                    INSERT INTO inventory (name, category, quantity_per_unit, unit, amount, price, first_add_time)
                    VALUES (?, ?, ?, ?, ?, ?, ?)
                    
[2024-10-10 00:20:25,011][INFO ][47179:140704449406912][db_mgr.py:36][add_record]: New record input updated to DB
[2024-10-10 00:20:25,011][INFO ][47179:140704449406912][main_page_controller.py:52][remove_record]: <- add_record
[2024-10-10 00:20:25,014][INFO ][47179:140704449406912][main_page_controller.py:53][remove_record]: RemoveRecord added to DB
[2024-10-10 00:20:25,014][INFO ][47179:140704449406912][main_page_controller.py:54][remove_record]: -> show_message
[2024-10-10 00:20:25,016][INFO ][47179:140704449406912][skeleton.py:77][show_message]: Show message 成功:物品已成功出库!
[2024-10-10 00:20:25,928][INFO ][47179:140704449406912][main_page_controller.py:54][remove_record]: <- show_message
[2024-10-10 00:20:25,930][INFO ][47179:140704449406912][main_page_controller.py:55][remove_record]: -> fetch_all_records
[2024-10-10 00:20:25,932][INFO ][47179:140704449406912][db_mgr.py:59][fetch_all_records]: Query: SELECT name, category, quantity_per_unit, unit, amount, price, first_add_time FROM inventory
[2024-10-10 00:20:25,932][INFO ][47179:140704449406912][db_mgr.py:62][fetch_all_records]: Find record: [('大包子', '成品', 1.0, '个', 18.0, 2.5, '2024-10-03 01:06:10'), ('大包子', '成品', 1.0, '个', 13.0, 2.5, '2024-10-03 01:06:11'), ('大包子', '成品', 1.0, '个', -10.0, 2.5, '2024-10-03 01:06:14'), ('大包子', '成品', 1.0, '个', -17.0, 2.5, '2024-10-03 01:50:13'), ('大包子', '成品', 1.0, '个', 17.0, 2.5, '2024-10-03 01:50:19'), ('扫把', '商品', 1.0, '个', 1.0, 95.0, '2024-10-03 01:50:43'), ('矿泉水', '商品', 500.0, 'ml', 12.0, 5.0, '2024-10-03 01:51:31'), ('扫把', '商品', 1.0, '个', -1.0, 95.0, '2024-10-03 01:51:41'), ('扫把', '商品', 1.0, '个', -1.0, 95.0, '2024-10-03 01:52:38'), ('扫把', '商品', 1.0, '个', 1.0, 95.0, '2024-10-03 01:52:45'), ('矿泉水', '商品', 500.0, 'ml', -12.0, 5.0, '2024-10-03 01:52:49'), ('矿泉水', '商品', 500.0, 'ml', 12.0, 5.0, '2024-10-03 01:52:54'), ('矿泉水', '商品', 500.0, 'ml', -12.0, 5.0, '2024-10-03 01:52:59'), ('大包子', '成品', 1.0, '个', 10.0, 2.5, '2024-10-03 01:53:04'), ('大包子', '成品', 1.0, '个', -10.0, 2.5, '2024-10-03 01:53:07'), ('矿泉水', '商品', 3.0, 'l', 12.0, 5.0, '2024-10-03 01:53:38'), ('矿泉水', '商品', 3.0, 'l', -12.0, 5.0, '2024-10-03 01:53:50'), ('矿泉水', '商品', 3.0, 'l', -12.0, 5.0, '2024-10-03 01:53:52'), ('矿泉水', '商品', 3.0, 'l', -12.0, 5.0, '2024-10-03 01:53:55'), ('矿泉水', '商品', 3.0, 'l', 12.0, 5.0, '2024-10-03 01:54:00'), ('大包子', '成品', 1.0, '个', 17.0, 2.5, '2024-10-03 21:25:24'), ('大包子', '成品', 1.0, '个', -17.0, 2.5, '2024-10-03 21:25:28'), ('大包子', '成品', 1.0, '个', -18.0, 2.5, '2024-10-03 22:29:17'), ('大包子', '成品', 1.0, '个', 18.0, 2.5, '2024-10-03 22:29:19'), ('大包子', '成品', 1.0, '个', -13.0, 2.5, '2024-10-03 22:47:12'), ('大包子', '成品', 1.0, '个', 13.0, 2.5, '2024-10-03 22:47:15'), ('大包子', '成品', 1.0, '个', 180.0, 2.5, '2024-10-09 23:27:00'), ('大包子', '成品', 1.0, '个', -18.0, 2.5, '2024-10-09 23:27:03'), ('大包子', '成品', 1.0, '个', -18.0, 2.5, '2024-10-09 23:27:05'), ('大包子', '成品', 1.0, '个', 180.0, 2.5, '2024-10-10 00:16:48'), ('大包子', '成品', 1.0, '个', -180.0, 2.5, '2024-10-10 00:16:50'), ('大包子', '成品', 1.0, '个', 180.0, 2.5, '2024-10-10 00:20:22'), ('大包子', '成品', 1.0, '个', -180.0, 2.5, '2024-10-10 00:20:25')]
[2024-10-10 00:20:25,932][INFO ][47179:140704449406912][main_page_controller.py:55][remove_record]: <- fetch_all_records
[2024-10-10 00:20:25,934][INFO ][47179:140704449406912][main_page_controller.py:55][remove_record]: -> update_statistics
[2024-10-10 00:20:25,936][INFO ][47179:140704449406912][day_stats_mgr.py:64][update_statistics]: Selected date 2024-10-10, filtering 33 records in [2024-10-10 00:00:00, 2024-10-11 00:00:00]
[2024-10-10 00:20:25,936][INFO ][47179:140704449406912][day_stats_mgr.py:66][update_statistics]: 4 records after filtering: 
[('大包子', '成品', 1.0, '个', 180.0, 2.5, '2024-10-10 00:16:48'), ('大包子', '成品', 1.0, '个', -180.0, 2.5, '2024-10-10 00:16:50'), ('大包子', '成品', 1.0, '个', 180.0, 2.5, '2024-10-10 00:20:22'), ('大包子', '成品', 1.0, '个', -180.0, 2.5, '2024-10-10 00:20:25')]
[2024-10-10 00:20:25,937][INFO ][47179:140704449406912][day_stats_mgr.py:69][update_statistics]: -> update_cur_prod_stats
[2024-10-10 00:20:25,938][INFO ][47179:140704449406912][day_stats_mgr.py:15][update_cur_prod_stats]: Got records size = 4
[2024-10-10 00:20:25,938][INFO ][47179:140704449406912][day_stats_mgr.py:22][update_cur_prod_stats]: Record: ('大包子', '成品', 1.0, '个', 180.0, 2.5, '2024-10-10 00:16:48')
[2024-10-10 00:20:25,938][INFO ][47179:140704449406912][day_stats_mgr.py:36][update_cur_prod_stats]: Add 180.0 to current input amount 0 of product 大包子
[2024-10-10 00:20:25,939][INFO ][47179:140704449406912][day_stats_mgr.py:22][update_cur_prod_stats]: Record: ('大包子', '成品', 1.0, '个', -180.0, 2.5, '2024-10-10 00:16:50')
[2024-10-10 00:20:25,939][INFO ][47179:140704449406912][day_stats_mgr.py:39][update_cur_prod_stats]: Add 180.0 to current output amount 0 of product 大包子
[2024-10-10 00:20:25,939][INFO ][47179:140704449406912][day_stats_mgr.py:22][update_cur_prod_stats]: Record: ('大包子', '成品', 1.0, '个', 180.0, 2.5, '2024-10-10 00:20:22')
[2024-10-10 00:20:25,939][INFO ][47179:140704449406912][day_stats_mgr.py:36][update_cur_prod_stats]: Add 180.0 to current input amount 180.0 of product 大包子
[2024-10-10 00:20:25,939][INFO ][47179:140704449406912][day_stats_mgr.py:22][update_cur_prod_stats]: Record: ('大包子', '成品', 1.0, '个', -180.0, 2.5, '2024-10-10 00:20:25')
[2024-10-10 00:20:25,939][INFO ][47179:140704449406912][day_stats_mgr.py:39][update_cur_prod_stats]: Add 180.0 to current output amount 180.0 of product 大包子
[2024-10-10 00:20:25,939][INFO ][47179:140704449406912][day_stats_mgr.py:48][update_cur_prod_stats]: Display history stats: 
该日成品统计:
大包子 - Input: 360.0 个, Output: 360.0 个

[2024-10-10 00:20:25,939][INFO ][47179:140704449406912][day_stats_mgr.py:69][update_statistics]: <- update_cur_prod_stats
[2024-10-10 00:20:25,942][INFO ][47179:140704449406912][day_stats_mgr.py:70][update_statistics]: -> update_history_table
[2024-10-10 00:20:25,944][INFO ][47179:140704449406912][day_stats_mgr.py:52][update_history_table]: Got records size = 4
[2024-10-10 00:20:25,945][INFO ][47179:140704449406912][day_stats_mgr.py:58][update_history_table]: Insert record ('大包子', '成品', 1.0, '个', 180.0, 2.5, '2024-10-10 00:16:48') to history table at 0
[2024-10-10 00:20:25,945][INFO ][47179:140704449406912][day_stats_mgr.py:58][update_history_table]: Insert record ('大包子', '成品', 1.0, '个', -180.0, 2.5, '2024-10-10 00:16:50') to history table at 1
[2024-10-10 00:20:25,945][INFO ][47179:140704449406912][day_stats_mgr.py:58][update_history_table]: Insert record ('大包子', '成品', 1.0, '个', 180.0, 2.5, '2024-10-10 00:20:22') to history table at 2
[2024-10-10 00:20:25,945][INFO ][47179:140704449406912][day_stats_mgr.py:58][update_history_table]: Insert record ('大包子', '成品', 1.0, '个', -180.0, 2.5, '2024-10-10 00:20:25') to history table at 3
[2024-10-10 00:20:25,945][INFO ][47179:140704449406912][day_stats_mgr.py:70][update_statistics]: <- update_history_table
[2024-10-10 00:20:25,949][INFO ][47179:140704449406912][main_page_controller.py:55][remove_record]: <- update_statistics
[2024-10-10 00:20:25,952][INFO ][47179:140704449406912][main.py:8][<module>]: <- remove_record
[2024-10-10 00:20:26,741][INFO ][47179:140704449406912][main.py:8][<module>]: -> populate_fields
[2024-10-10 00:20:26,744][INFO ][47179:140704449406912][main.py:8][<module>]: <- populate_fields
[2024-10-10 00:20:30,606][INFO ][47179:140704449406912][main.py:8][<module>]: -> populate_fields
[2024-10-10 00:20:30,609][INFO ][47179:140704449406912][main.py:8][<module>]: <- populate_fields
[2024-10-10 00:20:33,541][INFO ][47179:140704449406912][main.py:8][<module>]: -> modify_record
[2024-10-10 00:20:33,544][INFO ][47179:140704449406912][main_page_controller.py:62][modify_record]: User operation
[2024-10-10 00:20:33,544][INFO ][47179:140704449406912][main_page_controller.py:69][modify_record]: -> get_string_of_inputs
[2024-10-10 00:20:33,546][INFO ][47179:140704449406912][skeleton.py:110][get_string_of_inputs]: -> validate_inputs
[2024-10-10 00:20:33,548][INFO ][47179:140704449406912][skeleton.py:110][get_string_of_inputs]: <- validate_inputs
[2024-10-10 00:20:33,550][INFO ][47179:140704449406912][skeleton.py:122][get_string_of_inputs]: <-
[2024-10-10 00:20:33,551][INFO ][47179:140704449406912][main_page_controller.py:69][modify_record]: <- get_string_of_inputs
[2024-10-10 00:20:33,553][INFO ][47179:140704449406912][main_page_controller.py:76][modify_record]: User input received for updating: ['大包子', '成品', 1.0, '个', 18.0, 2.5, '2024-10-10 00:20:22']
[2024-10-10 00:20:33,553][INFO ][47179:140704449406912][main_page_controller.py:79][modify_record]: -> update_record
[2024-10-10 00:20:33,554][INFO ][47179:140704449406912][db_mgr.py:46][update_record]: Query: 
                       UPDATE inventory 
                       SET category = ?, quantity_per_unit = ?, unit = ?, amount = ?, price = ?
                       WHERE name = ? AND first_add_time = ?
                       
[2024-10-10 00:20:33,557][INFO ][47179:140704449406912][db_mgr.py:54][update_record]: New record modify updated to DB
[2024-10-10 00:20:33,557][INFO ][47179:140704449406912][main_page_controller.py:79][modify_record]: <- update_record
[2024-10-10 00:20:33,558][INFO ][47179:140704449406912][main_page_controller.py:80][modify_record]: ModifyRecord added to DB
[2024-10-10 00:20:33,558][INFO ][47179:140704449406912][main_page_controller.py:81][modify_record]: -> show_message
[2024-10-10 00:20:33,560][INFO ][47179:140704449406912][skeleton.py:77][show_message]: Show message 成功:条目已修改!
[2024-10-10 00:20:34,424][INFO ][47179:140704449406912][main_page_controller.py:81][modify_record]: <- show_message
[2024-10-10 00:20:34,427][INFO ][47179:140704449406912][main_page_controller.py:82][modify_record]: -> fetch_all_records
[2024-10-10 00:20:34,428][INFO ][47179:140704449406912][db_mgr.py:59][fetch_all_records]: Query: SELECT name, category, quantity_per_unit, unit, amount, price, first_add_time FROM inventory
[2024-10-10 00:20:34,429][INFO ][47179:140704449406912][db_mgr.py:62][fetch_all_records]: Find record: [('大包子', '成品', 1.0, '个', 18.0, 2.5, '2024-10-03 01:06:10'), ('大包子', '成品', 1.0, '个', 13.0, 2.5, '2024-10-03 01:06:11'), ('大包子', '成品', 1.0, '个', -10.0, 2.5, '2024-10-03 01:06:14'), ('大包子', '成品', 1.0, '个', -17.0, 2.5, '2024-10-03 01:50:13'), ('大包子', '成品', 1.0, '个', 17.0, 2.5, '2024-10-03 01:50:19'), ('扫把', '商品', 1.0, '个', 1.0, 95.0, '2024-10-03 01:50:43'), ('矿泉水', '商品', 500.0, 'ml', 12.0, 5.0, '2024-10-03 01:51:31'), ('扫把', '商品', 1.0, '个', -1.0, 95.0, '2024-10-03 01:51:41'), ('扫把', '商品', 1.0, '个', -1.0, 95.0, '2024-10-03 01:52:38'), ('扫把', '商品', 1.0, '个', 1.0, 95.0, '2024-10-03 01:52:45'), ('矿泉水', '商品', 500.0, 'ml', -12.0, 5.0, '2024-10-03 01:52:49'), ('矿泉水', '商品', 500.0, 'ml', 12.0, 5.0, '2024-10-03 01:52:54'), ('矿泉水', '商品', 500.0, 'ml', -12.0, 5.0, '2024-10-03 01:52:59'), ('大包子', '成品', 1.0, '个', 10.0, 2.5, '2024-10-03 01:53:04'), ('大包子', '成品', 1.0, '个', -10.0, 2.5, '2024-10-03 01:53:07'), ('矿泉水', '商品', 3.0, 'l', 12.0, 5.0, '2024-10-03 01:53:38'), ('矿泉水', '商品', 3.0, 'l', -12.0, 5.0, '2024-10-03 01:53:50'), ('矿泉水', '商品', 3.0, 'l', -12.0, 5.0, '2024-10-03 01:53:52'), ('矿泉水', '商品', 3.0, 'l', -12.0, 5.0, '2024-10-03 01:53:55'), ('矿泉水', '商品', 3.0, 'l', 12.0, 5.0, '2024-10-03 01:54:00'), ('大包子', '成品', 1.0, '个', 17.0, 2.5, '2024-10-03 21:25:24'), ('大包子', '成品', 1.0, '个', -17.0, 2.5, '2024-10-03 21:25:28'), ('大包子', '成品', 1.0, '个', -18.0, 2.5, '2024-10-03 22:29:17'), ('大包子', '成品', 1.0, '个', 18.0, 2.5, '2024-10-03 22:29:19'), ('大包子', '成品', 1.0, '个', -13.0, 2.5, '2024-10-03 22:47:12'), ('大包子', '成品', 1.0, '个', 13.0, 2.5, '2024-10-03 22:47:15'), ('大包子', '成品', 1.0, '个', 180.0, 2.5, '2024-10-09 23:27:00'), ('大包子', '成品', 1.0, '个', -18.0, 2.5, '2024-10-09 23:27:03'), ('大包子', '成品', 1.0, '个', -18.0, 2.5, '2024-10-09 23:27:05'), ('大包子', '成品', 1.0, '个', 180.0, 2.5, '2024-10-10 00:16:48'), ('大包子', '成品', 1.0, '个', -180.0, 2.5, '2024-10-10 00:16:50'), ('大包子', '成品', 1.0, '个', 18.0, 2.5, '2024-10-10 00:20:22'), ('大包子', '成品', 1.0, '个', -180.0, 2.5, '2024-10-10 00:20:25')]
[2024-10-10 00:20:34,429][INFO ][47179:140704449406912][main_page_controller.py:82][modify_record]: <- fetch_all_records
[2024-10-10 00:20:34,430][INFO ][47179:140704449406912][main_page_controller.py:82][modify_record]: -> update_statistics
[2024-10-10 00:20:34,432][INFO ][47179:140704449406912][day_stats_mgr.py:64][update_statistics]: Selected date 2024-10-10, filtering 33 records in [2024-10-10 00:00:00, 2024-10-11 00:00:00]
[2024-10-10 00:20:34,432][INFO ][47179:140704449406912][day_stats_mgr.py:66][update_statistics]: 4 records after filtering: 
[('大包子', '成品', 1.0, '个', 180.0, 2.5, '2024-10-10 00:16:48'), ('大包子', '成品', 1.0, '个', -180.0, 2.5, '2024-10-10 00:16:50'), ('大包子', '成品', 1.0, '个', 18.0, 2.5, '2024-10-10 00:20:22'), ('大包子', '成品', 1.0, '个', -180.0, 2.5, '2024-10-10 00:20:25')]
[2024-10-10 00:20:34,432][INFO ][47179:140704449406912][day_stats_mgr.py:68][update_statistics]: -> populate_fields
[2024-10-10 00:20:34,435][INFO ][47179:140704449406912][skeleton.py:129][populate_fields]: <-
[2024-10-10 00:20:34,435][INFO ][47179:140704449406912][day_stats_mgr.py:68][update_statistics]: <- populate_fields
[2024-10-10 00:20:34,438][INFO ][47179:140704449406912][day_stats_mgr.py:69][update_statistics]: -> update_cur_prod_stats
[2024-10-10 00:20:34,439][INFO ][47179:140704449406912][day_stats_mgr.py:15][update_cur_prod_stats]: Got records size = 4
[2024-10-10 00:20:34,440][INFO ][47179:140704449406912][day_stats_mgr.py:22][update_cur_prod_stats]: Record: ('大包子', '成品', 1.0, '个', 180.0, 2.5, '2024-10-10 00:16:48')
[2024-10-10 00:20:34,440][INFO ][47179:140704449406912][day_stats_mgr.py:36][update_cur_prod_stats]: Add 180.0 to current input amount 0 of product 大包子
[2024-10-10 00:20:34,440][INFO ][47179:140704449406912][day_stats_mgr.py:22][update_cur_prod_stats]: Record: ('大包子', '成品', 1.0, '个', -180.0, 2.5, '2024-10-10 00:16:50')
[2024-10-10 00:20:34,440][INFO ][47179:140704449406912][day_stats_mgr.py:39][update_cur_prod_stats]: Add 180.0 to current output amount 0 of product 大包子
[2024-10-10 00:20:34,440][INFO ][47179:140704449406912][day_stats_mgr.py:22][update_cur_prod_stats]: Record: ('大包子', '成品', 1.0, '个', 18.0, 2.5, '2024-10-10 00:20:22')
[2024-10-10 00:20:34,440][INFO ][47179:140704449406912][day_stats_mgr.py:36][update_cur_prod_stats]: Add 18.0 to current input amount 180.0 of product 大包子
[2024-10-10 00:20:34,440][INFO ][47179:140704449406912][day_stats_mgr.py:22][update_cur_prod_stats]: Record: ('大包子', '成品', 1.0, '个', -180.0, 2.5, '2024-10-10 00:20:25')
[2024-10-10 00:20:34,440][INFO ][47179:140704449406912][day_stats_mgr.py:39][update_cur_prod_stats]: Add 180.0 to current output amount 180.0 of product 大包子
[2024-10-10 00:20:34,440][INFO ][47179:140704449406912][day_stats_mgr.py:48][update_cur_prod_stats]: Display history stats: 
该日成品统计:
大包子 - Input: 198.0 个, Output: 360.0 个

[2024-10-10 00:20:34,440][INFO ][47179:140704449406912][day_stats_mgr.py:69][update_statistics]: <- update_cur_prod_stats
[2024-10-10 00:20:34,442][INFO ][47179:140704449406912][day_stats_mgr.py:70][update_statistics]: -> update_history_table
[2024-10-10 00:20:34,444][INFO ][47179:140704449406912][day_stats_mgr.py:52][update_history_table]: Got records size = 4
[2024-10-10 00:20:34,444][INFO ][47179:140704449406912][day_stats_mgr.py:58][update_history_table]: Insert record ('大包子', '成品', 1.0, '个', 180.0, 2.5, '2024-10-10 00:16:48') to history table at 0
[2024-10-10 00:20:34,444][INFO ][47179:140704449406912][day_stats_mgr.py:58][update_history_table]: Insert record ('大包子', '成品', 1.0, '个', -180.0, 2.5, '2024-10-10 00:16:50') to history table at 1
[2024-10-10 00:20:34,444][INFO ][47179:140704449406912][day_stats_mgr.py:58][update_history_table]: Insert record ('大包子', '成品', 1.0, '个', 18.0, 2.5, '2024-10-10 00:20:22') to history table at 2
[2024-10-10 00:20:34,444][INFO ][47179:140704449406912][day_stats_mgr.py:58][update_history_table]: Insert record ('大包子', '成品', 1.0, '个', -180.0, 2.5, '2024-10-10 00:20:25') to history table at 3
[2024-10-10 00:20:34,444][INFO ][47179:140704449406912][day_stats_mgr.py:70][update_statistics]: <- update_history_table
[2024-10-10 00:20:34,446][INFO ][47179:140704449406912][main_page_controller.py:82][modify_record]: <- update_statistics
[2024-10-10 00:20:34,448][INFO ][47179:140704449406912][main.py:8][<module>]: <- modify_record
[2024-10-10 00:20:35,900][INFO ][47179:140704449406912][main.py:8][<module>]: -> show_previous_day
[2024-10-10 00:20:35,902][INFO ][47179:140704449406912][main_page_controller.py:89][show_previous_day]: User operation
[2024-10-10 00:20:35,902][INFO ][47179:140704449406912][main_page_controller.py:91][show_previous_day]: After delta, current date: 2024-10-09
[2024-10-10 00:20:35,902][INFO ][47179:140704449406912][main_page_controller.py:92][show_previous_day]: -> on_date_changed
[2024-10-10 00:20:35,905][INFO ][47179:140704449406912][main_page_controller.py:105][on_date_changed]: User operation
[2024-10-10 00:20:35,905][INFO ][47179:140704449406912][main_page_controller.py:108][on_date_changed]: After delta, current date: 2024-10-09
[2024-10-10 00:20:35,905][INFO ][47179:140704449406912][main_page_controller.py:109][on_date_changed]: -> fetch_all_records
[2024-10-10 00:20:35,908][INFO ][47179:140704449406912][db_mgr.py:59][fetch_all_records]: Query: SELECT name, category, quantity_per_unit, unit, amount, price, first_add_time FROM inventory
[2024-10-10 00:20:35,908][INFO ][47179:140704449406912][db_mgr.py:62][fetch_all_records]: Find record: [('大包子', '成品', 1.0, '个', 18.0, 2.5, '2024-10-03 01:06:10'), ('大包子', '成品', 1.0, '个', 13.0, 2.5, '2024-10-03 01:06:11'), ('大包子', '成品', 1.0, '个', -10.0, 2.5, '2024-10-03 01:06:14'), ('大包子', '成品', 1.0, '个', -17.0, 2.5, '2024-10-03 01:50:13'), ('大包子', '成品', 1.0, '个', 17.0, 2.5, '2024-10-03 01:50:19'), ('扫把', '商品', 1.0, '个', 1.0, 95.0, '2024-10-03 01:50:43'), ('矿泉水', '商品', 500.0, 'ml', 12.0, 5.0, '2024-10-03 01:51:31'), ('扫把', '商品', 1.0, '个', -1.0, 95.0, '2024-10-03 01:51:41'), ('扫把', '商品', 1.0, '个', -1.0, 95.0, '2024-10-03 01:52:38'), ('扫把', '商品', 1.0, '个', 1.0, 95.0, '2024-10-03 01:52:45'), ('矿泉水', '商品', 500.0, 'ml', -12.0, 5.0, '2024-10-03 01:52:49'), ('矿泉水', '商品', 500.0, 'ml', 12.0, 5.0, '2024-10-03 01:52:54'), ('矿泉水', '商品', 500.0, 'ml', -12.0, 5.0, '2024-10-03 01:52:59'), ('大包子', '成品', 1.0, '个', 10.0, 2.5, '2024-10-03 01:53:04'), ('大包子', '成品', 1.0, '个', -10.0, 2.5, '2024-10-03 01:53:07'), ('矿泉水', '商品', 3.0, 'l', 12.0, 5.0, '2024-10-03 01:53:38'), ('矿泉水', '商品', 3.0, 'l', -12.0, 5.0, '2024-10-03 01:53:50'), ('矿泉水', '商品', 3.0, 'l', -12.0, 5.0, '2024-10-03 01:53:52'), ('矿泉水', '商品', 3.0, 'l', -12.0, 5.0, '2024-10-03 01:53:55'), ('矿泉水', '商品', 3.0, 'l', 12.0, 5.0, '2024-10-03 01:54:00'), ('大包子', '成品', 1.0, '个', 17.0, 2.5, '2024-10-03 21:25:24'), ('大包子', '成品', 1.0, '个', -17.0, 2.5, '2024-10-03 21:25:28'), ('大包子', '成品', 1.0, '个', -18.0, 2.5, '2024-10-03 22:29:17'), ('大包子', '成品', 1.0, '个', 18.0, 2.5, '2024-10-03 22:29:19'), ('大包子', '成品', 1.0, '个', -13.0, 2.5, '2024-10-03 22:47:12'), ('大包子', '成品', 1.0, '个', 13.0, 2.5, '2024-10-03 22:47:15'), ('大包子', '成品', 1.0, '个', 180.0, 2.5, '2024-10-09 23:27:00'), ('大包子', '成品', 1.0, '个', -18.0, 2.5, '2024-10-09 23:27:03'), ('大包子', '成品', 1.0, '个', -18.0, 2.5, '2024-10-09 23:27:05'), ('大包子', '成品', 1.0, '个', 180.0, 2.5, '2024-10-10 00:16:48'), ('大包子', '成品', 1.0, '个', -180.0, 2.5, '2024-10-10 00:16:50'), ('大包子', '成品', 1.0, '个', 18.0, 2.5, '2024-10-10 00:20:22'), ('大包子', '成品', 1.0, '个', -180.0, 2.5, '2024-10-10 00:20:25')]
[2024-10-10 00:20:35,908][INFO ][47179:140704449406912][main_page_controller.py:109][on_date_changed]: <- fetch_all_records
[2024-10-10 00:20:35,910][INFO ][47179:140704449406912][main_page_controller.py:109][on_date_changed]: -> update_statistics
[2024-10-10 00:20:35,913][INFO ][47179:140704449406912][day_stats_mgr.py:64][update_statistics]: Selected date 2024-10-09, filtering 33 records in [2024-10-09 00:00:00, 2024-10-10 00:00:00]
[2024-10-10 00:20:35,913][INFO ][47179:140704449406912][day_stats_mgr.py:66][update_statistics]: 3 records after filtering: 
[('大包子', '成品', 1.0, '个', 180.0, 2.5, '2024-10-09 23:27:00'), ('大包子', '成品', 1.0, '个', -18.0, 2.5, '2024-10-09 23:27:03'), ('大包子', '成品', 1.0, '个', -18.0, 2.5, '2024-10-09 23:27:05')]
[2024-10-10 00:20:35,913][INFO ][47179:140704449406912][day_stats_mgr.py:69][update_statistics]: -> update_cur_prod_stats
[2024-10-10 00:20:35,916][INFO ][47179:140704449406912][day_stats_mgr.py:15][update_cur_prod_stats]: Got records size = 3
[2024-10-10 00:20:35,916][INFO ][47179:140704449406912][day_stats_mgr.py:22][update_cur_prod_stats]: Record: ('大包子', '成品', 1.0, '个', 180.0, 2.5, '2024-10-09 23:27:00')
[2024-10-10 00:20:35,916][INFO ][47179:140704449406912][day_stats_mgr.py:36][update_cur_prod_stats]: Add 180.0 to current input amount 0 of product 大包子
[2024-10-10 00:20:35,916][INFO ][47179:140704449406912][day_stats_mgr.py:22][update_cur_prod_stats]: Record: ('大包子', '成品', 1.0, '个', -18.0, 2.5, '2024-10-09 23:27:03')
[2024-10-10 00:20:35,916][INFO ][47179:140704449406912][day_stats_mgr.py:39][update_cur_prod_stats]: Add 18.0 to current output amount 0 of product 大包子
[2024-10-10 00:20:35,916][INFO ][47179:140704449406912][day_stats_mgr.py:22][update_cur_prod_stats]: Record: ('大包子', '成品', 1.0, '个', -18.0, 2.5, '2024-10-09 23:27:05')
[2024-10-10 00:20:35,916][INFO ][47179:140704449406912][day_stats_mgr.py:39][update_cur_prod_stats]: Add 18.0 to current output amount 18.0 of product 大包子
[2024-10-10 00:20:35,916][INFO ][47179:140704449406912][day_stats_mgr.py:48][update_cur_prod_stats]: Display history stats: 
该日成品统计:
大包子 - Input: 180.0 个, Output: 36.0 个

[2024-10-10 00:20:35,916][INFO ][47179:140704449406912][day_stats_mgr.py:69][update_statistics]: <- update_cur_prod_stats
[2024-10-10 00:20:35,919][INFO ][47179:140704449406912][day_stats_mgr.py:70][update_statistics]: -> update_history_table
[2024-10-10 00:20:35,921][INFO ][47179:140704449406912][day_stats_mgr.py:52][update_history_table]: Got records size = 3
[2024-10-10 00:20:35,921][INFO ][47179:140704449406912][day_stats_mgr.py:58][update_history_table]: Insert record ('大包子', '成品', 1.0, '个', 180.0, 2.5, '2024-10-09 23:27:00') to history table at 0
[2024-10-10 00:20:35,921][INFO ][47179:140704449406912][day_stats_mgr.py:58][update_history_table]: Insert record ('大包子', '成品', 1.0, '个', -18.0, 2.5, '2024-10-09 23:27:03') to history table at 1
[2024-10-10 00:20:35,921][INFO ][47179:140704449406912][day_stats_mgr.py:58][update_history_table]: Insert record ('大包子', '成品', 1.0, '个', -18.0, 2.5, '2024-10-09 23:27:05') to history table at 2
[2024-10-10 00:20:35,921][INFO ][47179:140704449406912][day_stats_mgr.py:70][update_statistics]: <- update_history_table
[2024-10-10 00:20:35,924][INFO ][47179:140704449406912][main_page_controller.py:109][on_date_changed]: <- update_statistics
[2024-10-10 00:20:35,926][INFO ][47179:140704449406912][main_page_controller.py:92][show_previous_day]: <- on_date_changed
[2024-10-10 00:20:35,927][INFO ][47179:140704449406912][main_page_controller.py:93][show_previous_day]: -> fetch_all_records
[2024-10-10 00:20:35,929][INFO ][47179:140704449406912][db_mgr.py:59][fetch_all_records]: Query: SELECT name, category, quantity_per_unit, unit, amount, price, first_add_time FROM inventory
[2024-10-10 00:20:35,929][INFO ][47179:140704449406912][db_mgr.py:62][fetch_all_records]: Find record: [('大包子', '成品', 1.0, '个', 18.0, 2.5, '2024-10-03 01:06:10'), ('大包子', '成品', 1.0, '个', 13.0, 2.5, '2024-10-03 01:06:11'), ('大包子', '成品', 1.0, '个', -10.0, 2.5, '2024-10-03 01:06:14'), ('大包子', '成品', 1.0, '个', -17.0, 2.5, '2024-10-03 01:50:13'), ('大包子', '成品', 1.0, '个', 17.0, 2.5, '2024-10-03 01:50:19'), ('扫把', '商品', 1.0, '个', 1.0, 95.0, '2024-10-03 01:50:43'), ('矿泉水', '商品', 500.0, 'ml', 12.0, 5.0, '2024-10-03 01:51:31'), ('扫把', '商品', 1.0, '个', -1.0, 95.0, '2024-10-03 01:51:41'), ('扫把', '商品', 1.0, '个', -1.0, 95.0, '2024-10-03 01:52:38'), ('扫把', '商品', 1.0, '个', 1.0, 95.0, '2024-10-03 01:52:45'), ('矿泉水', '商品', 500.0, 'ml', -12.0, 5.0, '2024-10-03 01:52:49'), ('矿泉水', '商品', 500.0, 'ml', 12.0, 5.0, '2024-10-03 01:52:54'), ('矿泉水', '商品', 500.0, 'ml', -12.0, 5.0, '2024-10-03 01:52:59'), ('大包子', '成品', 1.0, '个', 10.0, 2.5, '2024-10-03 01:53:04'), ('大包子', '成品', 1.0, '个', -10.0, 2.5, '2024-10-03 01:53:07'), ('矿泉水', '商品', 3.0, 'l', 12.0, 5.0, '2024-10-03 01:53:38'), ('矿泉水', '商品', 3.0, 'l', -12.0, 5.0, '2024-10-03 01:53:50'), ('矿泉水', '商品', 3.0, 'l', -12.0, 5.0, '2024-10-03 01:53:52'), ('矿泉水', '商品', 3.0, 'l', -12.0, 5.0, '2024-10-03 01:53:55'), ('矿泉水', '商品', 3.0, 'l', 12.0, 5.0, '2024-10-03 01:54:00'), ('大包子', '成品', 1.0, '个', 17.0, 2.5, '2024-10-03 21:25:24'), ('大包子', '成品', 1.0, '个', -17.0, 2.5, '2024-10-03 21:25:28'), ('大包子', '成品', 1.0, '个', -18.0, 2.5, '2024-10-03 22:29:17'), ('大包子', '成品', 1.0, '个', 18.0, 2.5, '2024-10-03 22:29:19'), ('大包子', '成品', 1.0, '个', -13.0, 2.5, '2024-10-03 22:47:12'), ('大包子', '成品', 1.0, '个', 13.0, 2.5, '2024-10-03 22:47:15'), ('大包子', '成品', 1.0, '个', 180.0, 2.5, '2024-10-09 23:27:00'), ('大包子', '成品', 1.0, '个', -18.0, 2.5, '2024-10-09 23:27:03'), ('大包子', '成品', 1.0, '个', -18.0, 2.5, '2024-10-09 23:27:05'), ('大包子', '成品', 1.0, '个', 180.0, 2.5, '2024-10-10 00:16:48'), ('大包子', '成品', 1.0, '个', -180.0, 2.5, '2024-10-10 00:16:50'), ('大包子', '成品', 1.0, '个', 18.0, 2.5, '2024-10-10 00:20:22'), ('大包子', '成品', 1.0, '个', -180.0, 2.5, '2024-10-10 00:20:25')]
[2024-10-10 00:20:35,929][INFO ][47179:140704449406912][main_page_controller.py:93][show_previous_day]: <- fetch_all_records
[2024-10-10 00:20:35,931][INFO ][47179:140704449406912][main_page_controller.py:93][show_previous_day]: -> update_statistics
[2024-10-10 00:20:35,933][INFO ][47179:140704449406912][day_stats_mgr.py:64][update_statistics]: Selected date 2024-10-09, filtering 33 records in [2024-10-09 00:00:00, 2024-10-10 00:00:00]
[2024-10-10 00:20:35,933][INFO ][47179:140704449406912][day_stats_mgr.py:66][update_statistics]: 3 records after filtering: 
[('大包子', '成品', 1.0, '个', 180.0, 2.5, '2024-10-09 23:27:00'), ('大包子', '成品', 1.0, '个', -18.0, 2.5, '2024-10-09 23:27:03'), ('大包子', '成品', 1.0, '个', -18.0, 2.5, '2024-10-09 23:27:05')]
[2024-10-10 00:20:35,933][INFO ][47179:140704449406912][day_stats_mgr.py:69][update_statistics]: -> update_cur_prod_stats
[2024-10-10 00:20:35,935][INFO ][47179:140704449406912][day_stats_mgr.py:15][update_cur_prod_stats]: Got records size = 3
[2024-10-10 00:20:35,935][INFO ][47179:140704449406912][day_stats_mgr.py:22][update_cur_prod_stats]: Record: ('大包子', '成品', 1.0, '个', 180.0, 2.5, '2024-10-09 23:27:00')
[2024-10-10 00:20:35,935][INFO ][47179:140704449406912][day_stats_mgr.py:36][update_cur_prod_stats]: Add 180.0 to current input amount 0 of product 大包子
[2024-10-10 00:20:35,935][INFO ][47179:140704449406912][day_stats_mgr.py:22][update_cur_prod_stats]: Record: ('大包子', '成品', 1.0, '个', -18.0, 2.5, '2024-10-09 23:27:03')
[2024-10-10 00:20:35,935][INFO ][47179:140704449406912][day_stats_mgr.py:39][update_cur_prod_stats]: Add 18.0 to current output amount 0 of product 大包子
[2024-10-10 00:20:35,935][INFO ][47179:140704449406912][day_stats_mgr.py:22][update_cur_prod_stats]: Record: ('大包子', '成品', 1.0, '个', -18.0, 2.5, '2024-10-09 23:27:05')
[2024-10-10 00:20:35,935][INFO ][47179:140704449406912][day_stats_mgr.py:39][update_cur_prod_stats]: Add 18.0 to current output amount 18.0 of product 大包子
[2024-10-10 00:20:35,935][INFO ][47179:140704449406912][day_stats_mgr.py:48][update_cur_prod_stats]: Display history stats: 
该日成品统计:
大包子 - Input: 180.0 个, Output: 36.0 个

[2024-10-10 00:20:35,935][INFO ][47179:140704449406912][day_stats_mgr.py:69][update_statistics]: <- update_cur_prod_stats
[2024-10-10 00:20:35,937][INFO ][47179:140704449406912][day_stats_mgr.py:70][update_statistics]: -> update_history_table
[2024-10-10 00:20:35,940][INFO ][47179:140704449406912][day_stats_mgr.py:52][update_history_table]: Got records size = 3
[2024-10-10 00:20:35,940][INFO ][47179:140704449406912][day_stats_mgr.py:58][update_history_table]: Insert record ('大包子', '成品', 1.0, '个', 180.0, 2.5, '2024-10-09 23:27:00') to history table at 0
[2024-10-10 00:20:35,940][INFO ][47179:140704449406912][day_stats_mgr.py:58][update_history_table]: Insert record ('大包子', '成品', 1.0, '个', -18.0, 2.5, '2024-10-09 23:27:03') to history table at 1
[2024-10-10 00:20:35,940][INFO ][47179:140704449406912][day_stats_mgr.py:58][update_history_table]: Insert record ('大包子', '成品', 1.0, '个', -18.0, 2.5, '2024-10-09 23:27:05') to history table at 2
[2024-10-10 00:20:35,940][INFO ][47179:140704449406912][day_stats_mgr.py:70][update_statistics]: <- update_history_table
[2024-10-10 00:20:35,942][INFO ][47179:140704449406912][main_page_controller.py:93][show_previous_day]: <- update_statistics
[2024-10-10 00:20:35,943][INFO ][47179:140704449406912][main.py:8][<module>]: <- show_previous_day
[2024-10-10 00:20:36,532][INFO ][47179:140704449406912][main.py:8][<module>]: -> show_next_day
[2024-10-10 00:20:36,534][INFO ][47179:140704449406912][main_page_controller.py:97][show_next_day]: User operation
[2024-10-10 00:20:36,534][INFO ][47179:140704449406912][main_page_controller.py:99][show_next_day]: After delta, current date: 2024-10-10
[2024-10-10 00:20:36,534][INFO ][47179:140704449406912][main_page_controller.py:100][show_next_day]: -> on_date_changed
[2024-10-10 00:20:36,536][INFO ][47179:140704449406912][main_page_controller.py:105][on_date_changed]: User operation
[2024-10-10 00:20:36,537][INFO ][47179:140704449406912][main_page_controller.py:108][on_date_changed]: After delta, current date: 2024-10-10
[2024-10-10 00:20:36,537][INFO ][47179:140704449406912][main_page_controller.py:109][on_date_changed]: -> fetch_all_records
[2024-10-10 00:20:36,539][INFO ][47179:140704449406912][db_mgr.py:59][fetch_all_records]: Query: SELECT name, category, quantity_per_unit, unit, amount, price, first_add_time FROM inventory
[2024-10-10 00:20:36,540][INFO ][47179:140704449406912][db_mgr.py:62][fetch_all_records]: Find record: [('大包子', '成品', 1.0, '个', 18.0, 2.5, '2024-10-03 01:06:10'), ('大包子', '成品', 1.0, '个', 13.0, 2.5, '2024-10-03 01:06:11'), ('大包子', '成品', 1.0, '个', -10.0, 2.5, '2024-10-03 01:06:14'), ('大包子', '成品', 1.0, '个', -17.0, 2.5, '2024-10-03 01:50:13'), ('大包子', '成品', 1.0, '个', 17.0, 2.5, '2024-10-03 01:50:19'), ('扫把', '商品', 1.0, '个', 1.0, 95.0, '2024-10-03 01:50:43'), ('矿泉水', '商品', 500.0, 'ml', 12.0, 5.0, '2024-10-03 01:51:31'), ('扫把', '商品', 1.0, '个', -1.0, 95.0, '2024-10-03 01:51:41'), ('扫把', '商品', 1.0, '个', -1.0, 95.0, '2024-10-03 01:52:38'), ('扫把', '商品', 1.0, '个', 1.0, 95.0, '2024-10-03 01:52:45'), ('矿泉水', '商品', 500.0, 'ml', -12.0, 5.0, '2024-10-03 01:52:49'), ('矿泉水', '商品', 500.0, 'ml', 12.0, 5.0, '2024-10-03 01:52:54'), ('矿泉水', '商品', 500.0, 'ml', -12.0, 5.0, '2024-10-03 01:52:59'), ('大包子', '成品', 1.0, '个', 10.0, 2.5, '2024-10-03 01:53:04'), ('大包子', '成品', 1.0, '个', -10.0, 2.5, '2024-10-03 01:53:07'), ('矿泉水', '商品', 3.0, 'l', 12.0, 5.0, '2024-10-03 01:53:38'), ('矿泉水', '商品', 3.0, 'l', -12.0, 5.0, '2024-10-03 01:53:50'), ('矿泉水', '商品', 3.0, 'l', -12.0, 5.0, '2024-10-03 01:53:52'), ('矿泉水', '商品', 3.0, 'l', -12.0, 5.0, '2024-10-03 01:53:55'), ('矿泉水', '商品', 3.0, 'l', 12.0, 5.0, '2024-10-03 01:54:00'), ('大包子', '成品', 1.0, '个', 17.0, 2.5, '2024-10-03 21:25:24'), ('大包子', '成品', 1.0, '个', -17.0, 2.5, '2024-10-03 21:25:28'), ('大包子', '成品', 1.0, '个', -18.0, 2.5, '2024-10-03 22:29:17'), ('大包子', '成品', 1.0, '个', 18.0, 2.5, '2024-10-03 22:29:19'), ('大包子', '成品', 1.0, '个', -13.0, 2.5, '2024-10-03 22:47:12'), ('大包子', '成品', 1.0, '个', 13.0, 2.5, '2024-10-03 22:47:15'), ('大包子', '成品', 1.0, '个', 180.0, 2.5, '2024-10-09 23:27:00'), ('大包子', '成品', 1.0, '个', -18.0, 2.5, '2024-10-09 23:27:03'), ('大包子', '成品', 1.0, '个', -18.0, 2.5, '2024-10-09 23:27:05'), ('大包子', '成品', 1.0, '个', 180.0, 2.5, '2024-10-10 00:16:48'), ('大包子', '成品', 1.0, '个', -180.0, 2.5, '2024-10-10 00:16:50'), ('大包子', '成品', 1.0, '个', 18.0, 2.5, '2024-10-10 00:20:22'), ('大包子', '成品', 1.0, '个', -180.0, 2.5, '2024-10-10 00:20:25')]
[2024-10-10 00:20:36,540][INFO ][47179:140704449406912][main_page_controller.py:109][on_date_changed]: <- fetch_all_records
[2024-10-10 00:20:36,542][INFO ][47179:140704449406912][main_page_controller.py:109][on_date_changed]: -> update_statistics
[2024-10-10 00:20:36,545][INFO ][47179:140704449406912][day_stats_mgr.py:64][update_statistics]: Selected date 2024-10-10, filtering 33 records in [2024-10-10 00:00:00, 2024-10-11 00:00:00]
[2024-10-10 00:20:36,545][INFO ][47179:140704449406912][day_stats_mgr.py:66][update_statistics]: 4 records after filtering: 
[('大包子', '成品', 1.0, '个', 180.0, 2.5, '2024-10-10 00:16:48'), ('大包子', '成品', 1.0, '个', -180.0, 2.5, '2024-10-10 00:16:50'), ('大包子', '成品', 1.0, '个', 18.0, 2.5, '2024-10-10 00:20:22'), ('大包子', '成品', 1.0, '个', -180.0, 2.5, '2024-10-10 00:20:25')]
[2024-10-10 00:20:36,545][INFO ][47179:140704449406912][day_stats_mgr.py:69][update_statistics]: -> update_cur_prod_stats
[2024-10-10 00:20:36,548][INFO ][47179:140704449406912][day_stats_mgr.py:15][update_cur_prod_stats]: Got records size = 4
[2024-10-10 00:20:36,548][INFO ][47179:140704449406912][day_stats_mgr.py:22][update_cur_prod_stats]: Record: ('大包子', '成品', 1.0, '个', 180.0, 2.5, '2024-10-10 00:16:48')
[2024-10-10 00:20:36,548][INFO ][47179:140704449406912][day_stats_mgr.py:36][update_cur_prod_stats]: Add 180.0 to current input amount 0 of product 大包子
[2024-10-10 00:20:36,548][INFO ][47179:140704449406912][day_stats_mgr.py:22][update_cur_prod_stats]: Record: ('大包子', '成品', 1.0, '个', -180.0, 2.5, '2024-10-10 00:16:50')
[2024-10-10 00:20:36,548][INFO ][47179:140704449406912][day_stats_mgr.py:39][update_cur_prod_stats]: Add 180.0 to current output amount 0 of product 大包子
[2024-10-10 00:20:36,548][INFO ][47179:140704449406912][day_stats_mgr.py:22][update_cur_prod_stats]: Record: ('大包子', '成品', 1.0, '个', 18.0, 2.5, '2024-10-10 00:20:22')
[2024-10-10 00:20:36,548][INFO ][47179:140704449406912][day_stats_mgr.py:36][update_cur_prod_stats]: Add 18.0 to current input amount 180.0 of product 大包子
[2024-10-10 00:20:36,548][INFO ][47179:140704449406912][day_stats_mgr.py:22][update_cur_prod_stats]: Record: ('大包子', '成品', 1.0, '个', -180.0, 2.5, '2024-10-10 00:20:25')
[2024-10-10 00:20:36,548][INFO ][47179:140704449406912][day_stats_mgr.py:39][update_cur_prod_stats]: Add 180.0 to current output amount 180.0 of product 大包子
[2024-10-10 00:20:36,549][INFO ][47179:140704449406912][day_stats_mgr.py:48][update_cur_prod_stats]: Display history stats: 
该日成品统计:
大包子 - Input: 198.0 个, Output: 360.0 个

[2024-10-10 00:20:36,549][INFO ][47179:140704449406912][day_stats_mgr.py:69][update_statistics]: <- update_cur_prod_stats
[2024-10-10 00:20:36,551][INFO ][47179:140704449406912][day_stats_mgr.py:70][update_statistics]: -> update_history_table
[2024-10-10 00:20:36,553][INFO ][47179:140704449406912][day_stats_mgr.py:52][update_history_table]: Got records size = 4
[2024-10-10 00:20:36,553][INFO ][47179:140704449406912][day_stats_mgr.py:58][update_history_table]: Insert record ('大包子', '成品', 1.0, '个', 180.0, 2.5, '2024-10-10 00:16:48') to history table at 0
[2024-10-10 00:20:36,553][INFO ][47179:140704449406912][day_stats_mgr.py:58][update_history_table]: Insert record ('大包子', '成品', 1.0, '个', -180.0, 2.5, '2024-10-10 00:16:50') to history table at 1
[2024-10-10 00:20:36,553][INFO ][47179:140704449406912][day_stats_mgr.py:58][update_history_table]: Insert record ('大包子', '成品', 1.0, '个', 18.0, 2.5, '2024-10-10 00:20:22') to history table at 2
[2024-10-10 00:20:36,553][INFO ][47179:140704449406912][day_stats_mgr.py:58][update_history_table]: Insert record ('大包子', '成品', 1.0, '个', -180.0, 2.5, '2024-10-10 00:20:25') to history table at 3
[2024-10-10 00:20:36,553][INFO ][47179:140704449406912][day_stats_mgr.py:70][update_statistics]: <- update_history_table
[2024-10-10 00:20:36,556][INFO ][47179:140704449406912][main_page_controller.py:109][on_date_changed]: <- update_statistics
[2024-10-10 00:20:36,558][INFO ][47179:140704449406912][main_page_controller.py:100][show_next_day]: <- on_date_changed
[2024-10-10 00:20:36,560][INFO ][47179:140704449406912][main_page_controller.py:101][show_next_day]: -> fetch_all_records
[2024-10-10 00:20:36,562][INFO ][47179:140704449406912][db_mgr.py:59][fetch_all_records]: Query: SELECT name, category, quantity_per_unit, unit, amount, price, first_add_time FROM inventory
[2024-10-10 00:20:36,562][INFO ][47179:140704449406912][db_mgr.py:62][fetch_all_records]: Find record: [('大包子', '成品', 1.0, '个', 18.0, 2.5, '2024-10-03 01:06:10'), ('大包子', '成品', 1.0, '个', 13.0, 2.5, '2024-10-03 01:06:11'), ('大包子', '成品', 1.0, '个', -10.0, 2.5, '2024-10-03 01:06:14'), ('大包子', '成品', 1.0, '个', -17.0, 2.5, '2024-10-03 01:50:13'), ('大包子', '成品', 1.0, '个', 17.0, 2.5, '2024-10-03 01:50:19'), ('扫把', '商品', 1.0, '个', 1.0, 95.0, '2024-10-03 01:50:43'), ('矿泉水', '商品', 500.0, 'ml', 12.0, 5.0, '2024-10-03 01:51:31'), ('扫把', '商品', 1.0, '个', -1.0, 95.0, '2024-10-03 01:51:41'), ('扫把', '商品', 1.0, '个', -1.0, 95.0, '2024-10-03 01:52:38'), ('扫把', '商品', 1.0, '个', 1.0, 95.0, '2024-10-03 01:52:45'), ('矿泉水', '商品', 500.0, 'ml', -12.0, 5.0, '2024-10-03 01:52:49'), ('矿泉水', '商品', 500.0, 'ml', 12.0, 5.0, '2024-10-03 01:52:54'), ('矿泉水', '商品', 500.0, 'ml', -12.0, 5.0, '2024-10-03 01:52:59'), ('大包子', '成品', 1.0, '个', 10.0, 2.5, '2024-10-03 01:53:04'), ('大包子', '成品', 1.0, '个', -10.0, 2.5, '2024-10-03 01:53:07'), ('矿泉水', '商品', 3.0, 'l', 12.0, 5.0, '2024-10-03 01:53:38'), ('矿泉水', '商品', 3.0, 'l', -12.0, 5.0, '2024-10-03 01:53:50'), ('矿泉水', '商品', 3.0, 'l', -12.0, 5.0, '2024-10-03 01:53:52'), ('矿泉水', '商品', 3.0, 'l', -12.0, 5.0, '2024-10-03 01:53:55'), ('矿泉水', '商品', 3.0, 'l', 12.0, 5.0, '2024-10-03 01:54:00'), ('大包子', '成品', 1.0, '个', 17.0, 2.5, '2024-10-03 21:25:24'), ('大包子', '成品', 1.0, '个', -17.0, 2.5, '2024-10-03 21:25:28'), ('大包子', '成品', 1.0, '个', -18.0, 2.5, '2024-10-03 22:29:17'), ('大包子', '成品', 1.0, '个', 18.0, 2.5, '2024-10-03 22:29:19'), ('大包子', '成品', 1.0, '个', -13.0, 2.5, '2024-10-03 22:47:12'), ('大包子', '成品', 1.0, '个', 13.0, 2.5, '2024-10-03 22:47:15'), ('大包子', '成品', 1.0, '个', 180.0, 2.5, '2024-10-09 23:27:00'), ('大包子', '成品', 1.0, '个', -18.0, 2.5, '2024-10-09 23:27:03'), ('大包子', '成品', 1.0, '个', -18.0, 2.5, '2024-10-09 23:27:05'), ('大包子', '成品', 1.0, '个', 180.0, 2.5, '2024-10-10 00:16:48'), ('大包子', '成品', 1.0, '个', -180.0, 2.5, '2024-10-10 00:16:50'), ('大包子', '成品', 1.0, '个', 18.0, 2.5, '2024-10-10 00:20:22'), ('大包子', '成品', 1.0, '个', -180.0, 2.5, '2024-10-10 00:20:25')]
[2024-10-10 00:20:36,562][INFO ][47179:140704449406912][main_page_controller.py:101][show_next_day]: <- fetch_all_records
[2024-10-10 00:20:36,563][INFO ][47179:140704449406912][main_page_controller.py:101][show_next_day]: -> update_statistics
[2024-10-10 00:20:36,565][INFO ][47179:140704449406912][day_stats_mgr.py:64][update_statistics]: Selected date 2024-10-10, filtering 33 records in [2024-10-10 00:00:00, 2024-10-11 00:00:00]
[2024-10-10 00:20:36,566][INFO ][47179:140704449406912][day_stats_mgr.py:66][update_statistics]: 4 records after filtering: 
[('大包子', '成品', 1.0, '个', 180.0, 2.5, '2024-10-10 00:16:48'), ('大包子', '成品', 1.0, '个', -180.0, 2.5, '2024-10-10 00:16:50'), ('大包子', '成品', 1.0, '个', 18.0, 2.5, '2024-10-10 00:20:22'), ('大包子', '成品', 1.0, '个', -180.0, 2.5, '2024-10-10 00:20:25')]
[2024-10-10 00:20:36,566][INFO ][47179:140704449406912][day_stats_mgr.py:69][update_statistics]: -> update_cur_prod_stats
[2024-10-10 00:20:36,568][INFO ][47179:140704449406912][day_stats_mgr.py:15][update_cur_prod_stats]: Got records size = 4
[2024-10-10 00:20:36,568][INFO ][47179:140704449406912][day_stats_mgr.py:22][update_cur_prod_stats]: Record: ('大包子', '成品', 1.0, '个', 180.0, 2.5, '2024-10-10 00:16:48')
[2024-10-10 00:20:36,568][INFO ][47179:140704449406912][day_stats_mgr.py:36][update_cur_prod_stats]: Add 180.0 to current input amount 0 of product 大包子
[2024-10-10 00:20:36,568][INFO ][47179:140704449406912][day_stats_mgr.py:22][update_cur_prod_stats]: Record: ('大包子', '成品', 1.0, '个', -180.0, 2.5, '2024-10-10 00:16:50')
[2024-10-10 00:20:36,568][INFO ][47179:140704449406912][day_stats_mgr.py:39][update_cur_prod_stats]: Add 180.0 to current output amount 0 of product 大包子
[2024-10-10 00:20:36,568][INFO ][47179:140704449406912][day_stats_mgr.py:22][update_cur_prod_stats]: Record: ('大包子', '成品', 1.0, '个', 18.0, 2.5, '2024-10-10 00:20:22')
[2024-10-10 00:20:36,568][INFO ][47179:140704449406912][day_stats_mgr.py:36][update_cur_prod_stats]: Add 18.0 to current input amount 180.0 of product 大包子
[2024-10-10 00:20:36,568][INFO ][47179:140704449406912][day_stats_mgr.py:22][update_cur_prod_stats]: Record: ('大包子', '成品', 1.0, '个', -180.0, 2.5, '2024-10-10 00:20:25')
[2024-10-10 00:20:36,568][INFO ][47179:140704449406912][day_stats_mgr.py:39][update_cur_prod_stats]: Add 180.0 to current output amount 180.0 of product 大包子
[2024-10-10 00:20:36,568][INFO ][47179:140704449406912][day_stats_mgr.py:48][update_cur_prod_stats]: Display history stats: 
该日成品统计:
大包子 - Input: 198.0 个, Output: 360.0 个

[2024-10-10 00:20:36,568][INFO ][47179:140704449406912][day_stats_mgr.py:69][update_statistics]: <- update_cur_prod_stats
[2024-10-10 00:20:36,570][INFO ][47179:140704449406912][day_stats_mgr.py:70][update_statistics]: -> update_history_table
[2024-10-10 00:20:36,572][INFO ][47179:140704449406912][day_stats_mgr.py:52][update_history_table]: Got records size = 4
[2024-10-10 00:20:36,572][INFO ][47179:140704449406912][day_stats_mgr.py:58][update_history_table]: Insert record ('大包子', '成品', 1.0, '个', 180.0, 2.5, '2024-10-10 00:16:48') to history table at 0
[2024-10-10 00:20:36,572][INFO ][47179:140704449406912][day_stats_mgr.py:58][update_history_table]: Insert record ('大包子', '成品', 1.0, '个', -180.0, 2.5, '2024-10-10 00:16:50') to history table at 1
[2024-10-10 00:20:36,573][INFO ][47179:140704449406912][day_stats_mgr.py:58][update_history_table]: Insert record ('大包子', '成品', 1.0, '个', 18.0, 2.5, '2024-10-10 00:20:22') to history table at 2
[2024-10-10 00:20:36,573][INFO ][47179:140704449406912][day_stats_mgr.py:58][update_history_table]: Insert record ('大包子', '成品', 1.0, '个', -180.0, 2.5, '2024-10-10 00:20:25') to history table at 3
[2024-10-10 00:20:36,573][INFO ][47179:140704449406912][day_stats_mgr.py:70][update_statistics]: <- update_history_table
[2024-10-10 00:20:36,575][INFO ][47179:140704449406912][main_page_controller.py:101][show_next_day]: <- update_statistics
[2024-10-10 00:20:36,576][INFO ][47179:140704449406912][main.py:8][<module>]: <- show_next_day
[2024-10-10 00:20:39,893][INFO ][47179:140704449406912][main.py:8][<module>]: -> show_statistics_page
[2024-10-10 00:20:39,895][INFO ][47179:140704449406912][main_page_controller.py:113][show_statistics_page]: User operation
[2024-10-10 00:20:39,905][INFO ][47179:140704449406912][main.py:8][<module>]: <- show_statistics_page
[2024-10-10 00:20:45,186][INFO ][47179:140704449406912][main.py:8][<module>]: -> calculate_stats
[2024-10-10 00:20:45,189][INFO ][47179:140704449406912][stat_page.py:52][calculate_stats]: -> fetch_all_records
[2024-10-10 00:20:45,191][INFO ][47179:140704449406912][db_mgr.py:59][fetch_all_records]: Query: SELECT name, category, quantity_per_unit, unit, amount, price, first_add_time FROM inventory
[2024-10-10 00:20:45,191][INFO ][47179:140704449406912][db_mgr.py:62][fetch_all_records]: Find record: [('大包子', '成品', 1.0, '个', 18.0, 2.5, '2024-10-03 01:06:10'), ('大包子', '成品', 1.0, '个', 13.0, 2.5, '2024-10-03 01:06:11'), ('大包子', '成品', 1.0, '个', -10.0, 2.5, '2024-10-03 01:06:14'), ('大包子', '成品', 1.0, '个', -17.0, 2.5, '2024-10-03 01:50:13'), ('大包子', '成品', 1.0, '个', 17.0, 2.5, '2024-10-03 01:50:19'), ('扫把', '商品', 1.0, '个', 1.0, 95.0, '2024-10-03 01:50:43'), ('矿泉水', '商品', 500.0, 'ml', 12.0, 5.0, '2024-10-03 01:51:31'), ('扫把', '商品', 1.0, '个', -1.0, 95.0, '2024-10-03 01:51:41'), ('扫把', '商品', 1.0, '个', -1.0, 95.0, '2024-10-03 01:52:38'), ('扫把', '商品', 1.0, '个', 1.0, 95.0, '2024-10-03 01:52:45'), ('矿泉水', '商品', 500.0, 'ml', -12.0, 5.0, '2024-10-03 01:52:49'), ('矿泉水', '商品', 500.0, 'ml', 12.0, 5.0, '2024-10-03 01:52:54'), ('矿泉水', '商品', 500.0, 'ml', -12.0, 5.0, '2024-10-03 01:52:59'), ('大包子', '成品', 1.0, '个', 10.0, 2.5, '2024-10-03 01:53:04'), ('大包子', '成品', 1.0, '个', -10.0, 2.5, '2024-10-03 01:53:07'), ('矿泉水', '商品', 3.0, 'l', 12.0, 5.0, '2024-10-03 01:53:38'), ('矿泉水', '商品', 3.0, 'l', -12.0, 5.0, '2024-10-03 01:53:50'), ('矿泉水', '商品', 3.0, 'l', -12.0, 5.0, '2024-10-03 01:53:52'), ('矿泉水', '商品', 3.0, 'l', -12.0, 5.0, '2024-10-03 01:53:55'), ('矿泉水', '商品', 3.0, 'l', 12.0, 5.0, '2024-10-03 01:54:00'), ('大包子', '成品', 1.0, '个', 17.0, 2.5, '2024-10-03 21:25:24'), ('大包子', '成品', 1.0, '个', -17.0, 2.5, '2024-10-03 21:25:28'), ('大包子', '成品', 1.0, '个', -18.0, 2.5, '2024-10-03 22:29:17'), ('大包子', '成品', 1.0, '个', 18.0, 2.5, '2024-10-03 22:29:19'), ('大包子', '成品', 1.0, '个', -13.0, 2.5, '2024-10-03 22:47:12'), ('大包子', '成品', 1.0, '个', 13.0, 2.5, '2024-10-03 22:47:15'), ('大包子', '成品', 1.0, '个', 180.0, 2.5, '2024-10-09 23:27:00'), ('大包子', '成品', 1.0, '个', -18.0, 2.5, '2024-10-09 23:27:03'), ('大包子', '成品', 1.0, '个', -18.0, 2.5, '2024-10-09 23:27:05'), ('大包子', '成品', 1.0, '个', 180.0, 2.5, '2024-10-10 00:16:48'), ('大包子', '成品', 1.0, '个', -180.0, 2.5, '2024-10-10 00:16:50'), ('大包子', '成品', 1.0, '个', 18.0, 2.5, '2024-10-10 00:20:22'), ('大包子', '成品', 1.0, '个', -180.0, 2.5, '2024-10-10 00:20:25')]
[2024-10-10 00:20:45,191][INFO ][47179:140704449406912][stat_page.py:52][calculate_stats]: <- fetch_all_records
[2024-10-10 00:20:45,194][INFO ][47179:140704449406912][stat_page.py:53][calculate_stats]: Filtering 33 records in [2024-10-01 00:00:00, 2024-10-10 23:59:59.999999]
[2024-10-10 00:20:45,194][INFO ][47179:140704449406912][stat_page.py:55][calculate_stats]: 33 records after filtering: 
[('大包子', '成品', 1.0, '个', 18.0, 2.5, '2024-10-03 01:06:10'), ('大包子', '成品', 1.0, '个', 13.0, 2.5, '2024-10-03 01:06:11'), ('大包子', '成品', 1.0, '个', -10.0, 2.5, '2024-10-03 01:06:14'), ('大包子', '成品', 1.0, '个', -17.0, 2.5, '2024-10-03 01:50:13'), ('大包子', '成品', 1.0, '个', 17.0, 2.5, '2024-10-03 01:50:19'), ('扫把', '商品', 1.0, '个', 1.0, 95.0, '2024-10-03 01:50:43'), ('矿泉水', '商品', 500.0, 'ml', 12.0, 5.0, '2024-10-03 01:51:31'), ('扫把', '商品', 1.0, '个', -1.0, 95.0, '2024-10-03 01:51:41'), ('扫把', '商品', 1.0, '个', -1.0, 95.0, '2024-10-03 01:52:38'), ('扫把', '商品', 1.0, '个', 1.0, 95.0, '2024-10-03 01:52:45'), ('矿泉水', '商品', 500.0, 'ml', -12.0, 5.0, '2024-10-03 01:52:49'), ('矿泉水', '商品', 500.0, 'ml', 12.0, 5.0, '2024-10-03 01:52:54'), ('矿泉水', '商品', 500.0, 'ml', -12.0, 5.0, '2024-10-03 01:52:59'), ('大包子', '成品', 1.0, '个', 10.0, 2.5, '2024-10-03 01:53:04'), ('大包子', '成品', 1.0, '个', -10.0, 2.5, '2024-10-03 01:53:07'), ('矿泉水', '商品', 3.0, 'l', 12.0, 5.0, '2024-10-03 01:53:38'), ('矿泉水', '商品', 3.0, 'l', -12.0, 5.0, '2024-10-03 01:53:50'), ('矿泉水', '商品', 3.0, 'l', -12.0, 5.0, '2024-10-03 01:53:52'), ('矿泉水', '商品', 3.0, 'l', -12.0, 5.0, '2024-10-03 01:53:55'), ('矿泉水', '商品', 3.0, 'l', 12.0, 5.0, '2024-10-03 01:54:00'), ('大包子', '成品', 1.0, '个', 17.0, 2.5, '2024-10-03 21:25:24'), ('大包子', '成品', 1.0, '个', -17.0, 2.5, '2024-10-03 21:25:28'), ('大包子', '成品', 1.0, '个', -18.0, 2.5, '2024-10-03 22:29:17'), ('大包子', '成品', 1.0, '个', 18.0, 2.5, '2024-10-03 22:29:19'), ('大包子', '成品', 1.0, '个', -13.0, 2.5, '2024-10-03 22:47:12'), ('大包子', '成品', 1.0, '个', 13.0, 2.5, '2024-10-03 22:47:15'), ('大包子', '成品', 1.0, '个', 180.0, 2.5, '2024-10-09 23:27:00'), ('大包子', '成品', 1.0, '个', -18.0, 2.5, '2024-10-09 23:27:03'), ('大包子', '成品', 1.0, '个', -18.0, 2.5, '2024-10-09 23:27:05'), ('大包子', '成品', 1.0, '个', 180.0, 2.5, '2024-10-10 00:16:48'), ('大包子', '成品', 1.0, '个', -180.0, 2.5, '2024-10-10 00:16:50'), ('大包子', '成品', 1.0, '个', 18.0, 2.5, '2024-10-10 00:20:22'), ('大包子', '成品', 1.0, '个', -180.0, 2.5, '2024-10-10 00:20:25')]
[2024-10-10 00:20:45,194][INFO ][47179:140704449406912][stat_page.py:61][calculate_stats]: Insert record ('大包子', '成品', 1.0, '个', 18.0, 2.5, '2024-10-03 01:06:10') to result table at 0
[2024-10-10 00:20:45,194][INFO ][47179:140704449406912][stat_page.py:61][calculate_stats]: Insert record ('大包子', '成品', 1.0, '个', 13.0, 2.5, '2024-10-03 01:06:11') to result table at 1
[2024-10-10 00:20:45,194][INFO ][47179:140704449406912][stat_page.py:61][calculate_stats]: Insert record ('大包子', '成品', 1.0, '个', -10.0, 2.5, '2024-10-03 01:06:14') to result table at 2
[2024-10-10 00:20:45,195][INFO ][47179:140704449406912][stat_page.py:61][calculate_stats]: Insert record ('大包子', '成品', 1.0, '个', -17.0, 2.5, '2024-10-03 01:50:13') to result table at 3
[2024-10-10 00:20:45,195][INFO ][47179:140704449406912][stat_page.py:61][calculate_stats]: Insert record ('大包子', '成品', 1.0, '个', 17.0, 2.5, '2024-10-03 01:50:19') to result table at 4
[2024-10-10 00:20:45,195][INFO ][47179:140704449406912][stat_page.py:61][calculate_stats]: Insert record ('扫把', '商品', 1.0, '个', 1.0, 95.0, '2024-10-03 01:50:43') to result table at 5
[2024-10-10 00:20:45,195][INFO ][47179:140704449406912][stat_page.py:61][calculate_stats]: Insert record ('矿泉水', '商品', 500.0, 'ml', 12.0, 5.0, '2024-10-03 01:51:31') to result table at 6
[2024-10-10 00:20:45,195][INFO ][47179:140704449406912][stat_page.py:61][calculate_stats]: Insert record ('扫把', '商品', 1.0, '个', -1.0, 95.0, '2024-10-03 01:51:41') to result table at 7
[2024-10-10 00:20:45,195][INFO ][47179:140704449406912][stat_page.py:61][calculate_stats]: Insert record ('扫把', '商品', 1.0, '个', -1.0, 95.0, '2024-10-03 01:52:38') to result table at 8
[2024-10-10 00:20:45,195][INFO ][47179:140704449406912][stat_page.py:61][calculate_stats]: Insert record ('扫把', '商品', 1.0, '个', 1.0, 95.0, '2024-10-03 01:52:45') to result table at 9
[2024-10-10 00:20:45,195][INFO ][47179:140704449406912][stat_page.py:61][calculate_stats]: Insert record ('矿泉水', '商品', 500.0, 'ml', -12.0, 5.0, '2024-10-03 01:52:49') to result table at 10
[2024-10-10 00:20:45,195][INFO ][47179:140704449406912][stat_page.py:61][calculate_stats]: Insert record ('矿泉水', '商品', 500.0, 'ml', 12.0, 5.0, '2024-10-03 01:52:54') to result table at 11
[2024-10-10 00:20:45,195][INFO ][47179:140704449406912][stat_page.py:61][calculate_stats]: Insert record ('矿泉水', '商品', 500.0, 'ml', -12.0, 5.0, '2024-10-03 01:52:59') to result table at 12
[2024-10-10 00:20:45,196][INFO ][47179:140704449406912][stat_page.py:61][calculate_stats]: Insert record ('大包子', '成品', 1.0, '个', 10.0, 2.5, '2024-10-03 01:53:04') to result table at 13
[2024-10-10 00:20:45,196][INFO ][47179:140704449406912][stat_page.py:61][calculate_stats]: Insert record ('大包子', '成品', 1.0, '个', -10.0, 2.5, '2024-10-03 01:53:07') to result table at 14
[2024-10-10 00:20:45,196][INFO ][47179:140704449406912][stat_page.py:61][calculate_stats]: Insert record ('矿泉水', '商品', 3.0, 'l', 12.0, 5.0, '2024-10-03 01:53:38') to result table at 15
[2024-10-10 00:20:45,196][INFO ][47179:140704449406912][stat_page.py:61][calculate_stats]: Insert record ('矿泉水', '商品', 3.0, 'l', -12.0, 5.0, '2024-10-03 01:53:50') to result table at 16
[2024-10-10 00:20:45,196][INFO ][47179:140704449406912][stat_page.py:61][calculate_stats]: Insert record ('矿泉水', '商品', 3.0, 'l', -12.0, 5.0, '2024-10-03 01:53:52') to result table at 17
[2024-10-10 00:20:45,196][INFO ][47179:140704449406912][stat_page.py:61][calculate_stats]: Insert record ('矿泉水', '商品', 3.0, 'l', -12.0, 5.0, '2024-10-03 01:53:55') to result table at 18
[2024-10-10 00:20:45,196][INFO ][47179:140704449406912][stat_page.py:61][calculate_stats]: Insert record ('矿泉水', '商品', 3.0, 'l', 12.0, 5.0, '2024-10-03 01:54:00') to result table at 19
[2024-10-10 00:20:45,196][INFO ][47179:140704449406912][stat_page.py:61][calculate_stats]: Insert record ('大包子', '成品', 1.0, '个', 17.0, 2.5, '2024-10-03 21:25:24') to result table at 20
[2024-10-10 00:20:45,196][INFO ][47179:140704449406912][stat_page.py:61][calculate_stats]: Insert record ('大包子', '成品', 1.0, '个', -17.0, 2.5, '2024-10-03 21:25:28') to result table at 21
[2024-10-10 00:20:45,196][INFO ][47179:140704449406912][stat_page.py:61][calculate_stats]: Insert record ('大包子', '成品', 1.0, '个', -18.0, 2.5, '2024-10-03 22:29:17') to result table at 22
[2024-10-10 00:20:45,196][INFO ][47179:140704449406912][stat_page.py:61][calculate_stats]: Insert record ('大包子', '成品', 1.0, '个', 18.0, 2.5, '2024-10-03 22:29:19') to result table at 23
[2024-10-10 00:20:45,197][INFO ][47179:140704449406912][stat_page.py:61][calculate_stats]: Insert record ('大包子', '成品', 1.0, '个', -13.0, 2.5, '2024-10-03 22:47:12') to result table at 24
[2024-10-10 00:20:45,197][INFO ][47179:140704449406912][stat_page.py:61][calculate_stats]: Insert record ('大包子', '成品', 1.0, '个', 13.0, 2.5, '2024-10-03 22:47:15') to result table at 25
[2024-10-10 00:20:45,197][INFO ][47179:140704449406912][stat_page.py:61][calculate_stats]: Insert record ('大包子', '成品', 1.0, '个', 180.0, 2.5, '2024-10-09 23:27:00') to result table at 26
[2024-10-10 00:20:45,197][INFO ][47179:140704449406912][stat_page.py:61][calculate_stats]: Insert record ('大包子', '成品', 1.0, '个', -18.0, 2.5, '2024-10-09 23:27:03') to result table at 27
[2024-10-10 00:20:45,197][INFO ][47179:140704449406912][stat_page.py:61][calculate_stats]: Insert record ('大包子', '成品', 1.0, '个', -18.0, 2.5, '2024-10-09 23:27:05') to result table at 28
[2024-10-10 00:20:45,197][INFO ][47179:140704449406912][stat_page.py:61][calculate_stats]: Insert record ('大包子', '成品', 1.0, '个', 180.0, 2.5, '2024-10-10 00:16:48') to result table at 29
[2024-10-10 00:20:45,197][INFO ][47179:140704449406912][stat_page.py:61][calculate_stats]: Insert record ('大包子', '成品', 1.0, '个', -180.0, 2.5, '2024-10-10 00:16:50') to result table at 30
[2024-10-10 00:20:45,197][INFO ][47179:140704449406912][stat_page.py:61][calculate_stats]: Insert record ('大包子', '成品', 1.0, '个', 18.0, 2.5, '2024-10-10 00:20:22') to result table at 31
[2024-10-10 00:20:45,197][INFO ][47179:140704449406912][stat_page.py:61][calculate_stats]: Insert record ('大包子', '成品', 1.0, '个', -180.0, 2.5, '2024-10-10 00:20:25') to result table at 32
[2024-10-10 00:20:45,197][INFO ][47179:140704449406912][main.py:8][<module>]: <- calculate_stats
[2024-10-10 00:20:51,789][INFO ][47179:140704449406912][main.py:8][<module>]: -> export_to_csv
[2024-10-10 00:20:51,791][INFO ][47179:140704449406912][main_page_controller.py:118][export_to_csv]: User operation
[2024-10-10 00:21:06,126][INFO ][47179:140704449406912][main_page_controller.py:121][export_to_csv]: Got path = /Users/zyx/Work/ERP/BaoziERP/sample_output.csv
[2024-10-10 00:21:06,128][INFO ][47179:140704449406912][main_page_controller.py:126][export_to_csv]: -> export_to_csv
[2024-10-10 00:21:06,134][INFO ][47179:140704449406912][main_page_controller.py:126][export_to_csv]: <- export_to_csv
[2024-10-10 00:21:06,137][INFO ][47179:140704449406912][main_page_controller.py:127][export_to_csv]: CSV exported to /Users/zyx/Work/ERP/BaoziERP/sample_output.csv
[2024-10-10 00:21:06,137][INFO ][47179:140704449406912][main_page_controller.py:128][export_to_csv]: -> show_message
[2024-10-10 00:21:06,143][INFO ][47179:140704449406912][skeleton.py:77][show_message]: Show message 成功:历史条目已导出到 /Users/zyx/Work/ERP/BaoziERP/sample_output.csv
[2024-10-10 00:21:07,605][INFO ][47179:140704449406912][main_page_controller.py:128][export_to_csv]: <- show_message
[2024-10-10 00:21:07,608][INFO ][47179:140704449406912][main.py:8][<module>]: <- export_to_csv
